Total products: 661
[1/661] ✓ 4950344063772 (42391b) [1 saved]
[2/661] ✓ 4950344063789 (13019b) [2 saved]
[3/661] ✓ 4950344063796 (30765b) [3 saved]
[4/661] ✓ 4950344063802 (32895b) [4 saved]
[5/661] ✓ 4950344063819 (41234b) [5 saved]
[6/661] ✓ 4950344063826 (exists)
[7/661] ✓ 4950344063833 (exists)
[8/661] ✓ 4950344179022 (exists)
[9/661] ✓ 4950344179039 (exists)
[10/661] ✓ 4950344063857 (exists)
[11/661] ✓ 4950344063864 (10533b) [11 saved]
[12/661] ✓ 4950344063871 (10698b) [12 saved]
[13/661] ✓ 4950344063888 (24056b) [13 saved]
[14/661] ✗ 4950344063895 no image
[15/661] ✓ 4950344063918 (19426b) [14 saved]
[16/661] ✓ 4950344180837 (9441b) [15 saved]
[17/661] ✓ 4950344063925 (21678b) [16 saved]
[18/661] ✓ 4950344063932 (23461b) [17 saved]
[19/661] ✓ 4950344063949 (9180b) [18 saved]
[20/661] ✓ 4950344180875 (10451b) [19 saved]
[21/661] ✓ 4950344180882 (10888b) [20 saved]
[22/661] ✓ 4950344180899 (25234b) [21 saved]
[23/661] ✓ 4950344180905 (25296b) [22 saved]
[24/661] ✓ 4950344180912 (25571b) [23 saved]
[25/661] ✓ 4950344180929 (25506b) [24 saved]
[26/661] ✓ 4950344180936 (31658b) [25 saved]
[27/661] ✓ 4950344180943 (21617b) [26 saved]
[28/661] ✓ 4950344180967 (24685b) [27 saved]
[29/661] ✓ 4950344180974 (19329b) [28 saved]
[30/661] ✓ 4950344180981 (29081b) [29 saved]
[31/661] ✓ 4950344180998 (26706b) [30 saved]
[32/661] ✓ 4950344181001 (22175b) [31 saved]
[33/661] ✓ 4950344181032 (53892b) [32 saved]
[34/661] ✓ 4950344181049 (26266b) [33 saved]
[35/661] ✓ 4950344181056 (22701b) [34 saved]
[36/661] ✓ 4950344064205 (22839b) [35 saved]
[37/661] ✓ 4950344064212 (28257b) [36 saved]
[38/661] ✓ 4950344064229 (28221b) [37 saved]
[39/661] ✓ 4950344064236 (31062b) [38 saved]
[40/661] ✓ 4950344064243 (31938b) [39 saved]
[41/661] ✓ 4950344064250 (26846b) [40 saved]
[42/661] ✓ 4950344064267 (26717b) [41 saved]
[43/661] ✓ 4950344064274 (26531b) [42 saved]
[44/661] ✓ 4950344064281 (31575b) [43 saved]
[45/661] ✓ 4950344064298 (9348b) [44 saved]
[46/661] ✓ 4950344064304 (25360b) [45 saved]
[47/661] ✓ 4950344064311 (9396b) [46 saved]
[48/661] ✓ 4950344064335 (9682b) [47 saved]
[49/661] ✓ 4950344064342 (26117b) [48 saved]
[50/661] ✓ 4950344064359 (20761b) [49 saved]
[51/661] ✓ 4950344064366 (14111b) [50 saved]
[52/661] ✓ 4950344064373 (29621b) [51 saved]
[53/661] ✓ 4950344064380 (30829b) [52 saved]
[54/661] ✓ 4950344064397 (23976b) [53 saved]
[55/661] ✓ 4950344064403 (23464b) [54 saved]
[56/661] ✓ 4950344064410 (18739b) [55 saved]
[57/661] ✓ 4950344064427 (8618b) [56 saved]
[58/661] ✓ 4950344186433 (21360b) [57 saved]
[59/661] ✓ 4950344186440 (24825b) [58 saved]
[60/661] ✓ 4950344064441 (9892b) [59 saved]
[61/661] ✓ 4950344064458 (24656b) [60 saved]
[62/661] ✓ 4950344064465 (41663b) [61 saved]
[63/661] ✓ 4950344064472 (44417b) [62 saved]
[64/661] ✓ 4950344186501 (31573b) [63 saved]
[65/661] ✓ 4950344186518 (25532b) [64 saved]
[66/661] ✓ 4950344186525 (27617b) [65 saved]
[67/661] ✓ 4950344186532 (8714b) [66 saved]
[68/661] ✓ 4950344186549 (8978b) [67 saved]
[69/661] ✓ 4950344186556 (8202b) [68 saved]
[70/661] ✓ 4950344186570 (24434b) [69 saved]
[71/661] ✓ 4950344186587 (25904b) [70 saved]
[72/661] ✓ 4950344186594 (24894b) [71 saved]
[73/661] ✓ 4950344186617 (47876b) [72 saved]
[74/661] ✓ 4950344186631 (49386b) [73 saved]
[75/661] ✓ 4950344064489 (36038b) [74 saved]
[76/661] ✓ 4950344064496 (29196b) [75 saved]
[77/661] ✓ 4950344064502 (28818b) [76 saved]
[78/661] ✓ 4950344187041 (32622b) [77 saved]
[79/661] ✓ 4950344187058 (10618b) [78 saved]
[80/661] ✓ 4950344064519 (33182b) [79 saved]
[81/661] ✓ 4950344064526 (26658b) [80 saved]
[82/661] ✓ 4950344064557 (47733b) [81 saved]
[83/661] ✓ 4950344187119 (10381b) [82 saved]
[84/661] ✓ 4950344187126 (8463b) [83 saved]
[85/661] ✓ 4950344064564 (9250b) [84 saved]
[86/661] ✓ 4950344187140 (9647b) [85 saved]
[87/661] ✓ 4950344187157 (9120b) [86 saved]
[88/661] ✓ 4950344187164 (8939b) [87 saved]
[89/661] ✓ 4950344187171 (48422b) [88 saved]
[90/661] ✓ 4950344187188 (27144b) [89 saved]
[91/661] ✓ 4950344187201 (27493b) [90 saved]
[92/661] ✓ 4950344063956 (13338b) [91 saved]
[93/661] ✓ 4950344063970 (23246b) [92 saved]
[94/661] ✓ 4950344063987 (18616b) [93 saved]
[95/661] ✓ 4950344190249 (38446b) [94 saved]
[96/661] ✓ 4950344064007 (10098b) [95 saved]
[97/661] ✓ 4950344064021 (9558b) [96 saved]
[98/661] ✗ 4950344064038 no image
[99/661] ✓ 4950344064045 (67054b) [97 saved]
[100/661] ✓ 4950344064069 (9984b) [98 saved]
[101/661] ✗ 4950344064083 no image
[102/661] ✓ 4950344064090 (9549b) [99 saved]
[103/661] ✓ 4950344064113 (9548b) [100 saved]
[104/661] ✓ 4950344064120 (8221b) [101 saved]
[105/661] ✓ 4950344064137 (11283b) [102 saved]
[106/661] ✓ 4950344064144 (10314b) [103 saved]
[107/661] ✓ 4950344194469 (10733b) [104 saved]
[108/661] ✓ 4950344194476 (10804b) [105 saved]
[109/661] ✓ 4950344194490 (30486b) [106 saved]
[110/661] ✓ 4950344064168 (11912b) [107 saved]
[111/661] ✓ 4950344064175 (28275b) [108 saved]
[112/661] ✗ 4950344064182 no image
[113/661] ✓ 4950344064199 (28166b) [109 saved]
[114/661] ✓ 4950344194544 (10222b) [110 saved]
[115/661] ✓ 4950344950683 (45043b) [111 saved]
[116/661] ✓ 4950344951499 (40585b) [112 saved]
[117/661] ✓ 4950344956784 (9457b) [113 saved]
[118/661] ✓ 4950344956791 (23019b) [114 saved]
[119/661] ✓ 4950344956944 (33970b) [115 saved]
[120/661] ✓ 4950344956982 (27688b) [116 saved]
[121/661] ✓ 4950344079681 (27046b) [117 saved]
[122/661] ✓ 4950344077366 (10346b) [118 saved]
[123/661] ✓ 4950344079667 (8405b) [119 saved]
[124/661] ✓ 4950344079674 (45549b) [120 saved]
[125/661] ✓ 4950344155323 (23026b) [121 saved]
[126/661] ✗ 4950344155330 no image
[127/661] ✓ 4950344155415 (24849b) [122 saved]
[128/661] ✓ 4950344155422 (26383b) [123 saved]
[129/661] ✓ 4950344155446 (28450b) [124 saved]
[130/661] ✓ 4950344155453 (20270b) [125 saved]
[131/661] ✓ 4950344155460 (27216b) [126 saved]
[132/661] ✓ 4950344155477 (28225b) [127 saved]
[133/661] ✓ 4950344155484 (21610b) [128 saved]
[134/661] ✓ 4950344155491 (21868b) [129 saved]
[135/661] ✓ 4950344551163 (9100b) [130 saved]
[136/661] ✓ 4950344080892 (44416b) [131 saved]
[137/661] ✓ 4950344080908 (44416b) [132 saved]
[138/661] ✓ 4950344695690 (10198b) [133 saved]
[139/661] ✓ 4950344695706 (13096b) [134 saved]
[140/661] ✗ 4950344695713 no image
[141/661] ✓ 4950344081141 (12855b) [135 saved]
[142/661] ✓ 4950344081196 (14563b) [136 saved]
[143/661] ✗ 4950344081004 no image
[144/661] ✓ 4950344081097 (18353b) [137 saved]
[145/661] ✓ 4950344066469 (9629b) [138 saved]
[146/661] ✗ 4950344948932 no image
[147/661] ✓ 4950344951574 (7171b) [139 saved]
[148/661] ✓ 4950344951581 (20951b) [140 saved]
[149/661] ✓ 4950344951598 (25620b) [141 saved]
[150/661] ✓ 4950344951604 (30632b) [142 saved]
[151/661] ✓ 4950344951666 (21702b) [143 saved]
[152/661] ✓ 4950344951703 (21710b) [144 saved]
[153/661] ✓ 4950344951710 (19452b) [145 saved]
[154/661] ✓ 4950344951727 (20829b) [146 saved]
[155/661] ✓ 4950344951741 (22264b) [147 saved]
[156/661] ✓ 4950344951765 (21763b) [148 saved]
[157/661] ✓ 4950344951772 (21763b) [149 saved]
[158/661] ✓ 4950344951802 (31767b) [150 saved]
[159/661] ✗ 4950344952571 no image
[160/661] ✓ 4950344065387 (33573b) [151 saved]
[161/661] ✓ 4950344954292 (21184b) [152 saved]
[162/661] ✓ 4950344954308 (21621b) [153 saved]
[163/661] ✓ 4950344068029 (7228b) [154 saved]
[164/661] ✓ 4950344955183 (30894b) [155 saved]
[165/661] ✓ 4950344955190 (30220b) [156 saved]
[166/661] ✓ 4950344955589 (27581b) [157 saved]
[167/661] ✓ 4950344955978 (23047b) [158 saved]
[168/661] ✓ 4950344956364 (19465b) [159 saved]
[169/661] ✓ 4950344956609 (22584b) [160 saved]
[170/661] ✓ 4950344956678 (15667b) [161 saved]
[171/661] ✓ 4950344956685 (29365b) [162 saved]
[172/661] ✓ 4950344956692 (18378b) [163 saved]
[173/661] ✓ 4950344956746 (19913b) [164 saved]
[174/661] ✓ 4950344956807 (21246b) [165 saved]
[175/661] ✓ 4950344956920 (23317b) [166 saved]
[176/661] ✓ 4950344956937 (19526b) [167 saved]
[177/661] ✓ 4950344985791 (9048b) [168 saved]
[178/661] ✓ 4950344985821 (11740b) [169 saved]
[179/661] ✓ 4950344985852 (10438b) [170 saved]
[180/661] ✗ 4950344062829 no image
[181/661] ✓ 4950344062836 (35591b) [171 saved]
[182/661] ✓ 4950344062843 (15292b) [172 saved]
[183/661] ✗ 4950344945771 no image
[184/661] ✗ 4950344946907 no image
[185/661] ✗ 4950344946914 no image
[186/661] ✓ 4950344062850 (12723b) [173 saved]
[187/661] ✓ 4950344947683 (20048b) [174 saved]
[188/661] ✓ 4950344947737 (19378b) [175 saved]
[189/661] ✗ 4950344947928 no image
[190/661] ✗ 4950344948017 no image
[191/661] ✓ 4950344948024 (14927b) [176 saved]
[192/661] ✗ 4950344948123 no image
[193/661] ✗ 4950344948352 no image
[194/661] ✓ 4950344948369 (19865b) [177 saved]
[195/661] ✗ 4950344103034 no image
[196/661] ✓ 4950344103041 (8895b) [178 saved]
[197/661] ✗ 4950344103058 no image
[198/661] ✓ 4950344103065 (10535b) [179 saved]
[199/661] ✓ 4950344103072 (8226b) [180 saved]
[200/661] ✓ 4950344103089 (19158b) [181 saved]
[201/661] ✓ 4950344103096 (17517b) [182 saved]
[202/661] ✓ 4950344103102 (12445b) [183 saved]
[203/661] ✓ 4950344103119 (5658b) [184 saved]
[204/661] ✗ 4950344103133 no image
[205/661] ✓ 4950344103140 (10095b) [185 saved]
[206/661] ✓ 4950344103195 (11587b) [186 saved]
[207/661] ✓ 4950344103201 (17837b) [187 saved]
[208/661] ✓ 4950344103218 (20966b) [188 saved]
[209/661] ✗ 4950344103225 no image
[210/661] ✓ 4950344103232 (21317b) [189 saved]
[211/661] ✓ 4950344103249 (21191b) [190 saved]
[212/661] ✓ 4950344985616 (7901b) [191 saved]
[213/661] ✓ 4950344985715 (25436b) [192 saved]
[214/661] ✓ 4950344985746 (20066b) [193 saved]
[215/661] ✗ 4950344999941 no image
[216/661] ✓ 4950344063437 (17138b) [194 saved]
[217/661] ✓ 4950344062751 (14826b) [195 saved]
[218/661] ✓ 4950344998401 (19997b) [196 saved]
[219/661] ✓ 4950344998418 (19368b) [197 saved]
[220/661] ✓ 4950344062867 (25684b) [198 saved]
[221/661] ✓ 4950344062874 (9638b) [199 saved]
[222/661] ✓ 4950344998456 (9768b) [200 saved]
[223/661] ✓ 4950344151875 (26838b) [201 saved]
[224/661] ✓ 4950344998494 (6990b) [202 saved]
[225/661] ✓ 4950344998517 (5168b) [203 saved]
[226/661] ✓ 4950344998555 (10867b) [204 saved]
[227/661] ✓ 4950344998586 (6295b) [205 saved]
[228/661] ✓ 4950344998593 (6419b) [206 saved]
[229/661] ✗ 4950344998609 no image
[230/661] ✓ 4950344998616 (5121b) [207 saved]
[231/661] ✓ 4950344063451 (5606b) [208 saved]
[232/661] ✓ 4950344998630 (7541b) [209 saved]
[233/661] ✓ 4950344998647 (6984b) [210 saved]
[234/661] ✗ 4950344998654 no image
[235/661] ✓ 4950344062881 (6690b) [211 saved]
[236/661] ✓ 4950344062768 (5993b) [212 saved]
[237/661] ✗ 4950344998739 no image
[238/661] ✓ 4950344063635 (44161b) [213 saved]
[239/661] ✗ 4950344063642 no image
[240/661] ✗ 4950344998777 no image
[241/661] ✗ 4950344063475 no image
[242/661] ✓ 4950344062775 (5454b) [214 saved]
[243/661] ✓ 4950344062782 (6051b) [215 saved]
[244/661] ✓ 4950344062799 (13158b) [216 saved]
[245/661] ✓ 4950344998845 (8898b) [217 saved]
[246/661] ✓ 4950344998876 (10250b) [218 saved]
[247/661] ✓ 4950344998883 (9581b) [219 saved]
[248/661] ✓ 4950344063482 (5738b) [220 saved]
[249/661] ✓ 4950344998937 (8617b) [221 saved]
[250/661] ✗ 4950344998968 no image
--- Progress: 250/661, saved=221, failed=29 ---
[251/661] ✓ 4950344153671 (13021b) [222 saved]
[252/661] ✓ 4950344998999 (12921b) [223 saved]
[253/661] ✓ 4950344999002 (11286b) [224 saved]
[254/661] ✗ 4950344153749 no image
[255/661] ✓ 4950344063666 (32820b) [225 saved]
[256/661] ✓ 4950344153817 (35585b) [226 saved]
[257/661] ✓ 4950344153831 (14720b) [227 saved]
[258/661] ✓ 4950344153855 (13943b) [228 saved]
[259/661] ✓ 4950344153862 (8096b) [229 saved]
[260/661] ✓ 4950344153909 (6307b) [230 saved]
[261/661] ✓ 4950344153916 (24796b) [231 saved]
[262/661] ✓ 4950344153923 (19222b) [232 saved]
[263/661] ✓ 4950344062805 (10460b) [233 saved]
[264/661] ✓ 4950344153947 (8069b) [234 saved]
[265/661] ✓ 4950344153954 (12441b) [235 saved]
[266/661] ✓ 4950344062898 (23021b) [236 saved]
[267/661] ✓ 4950344154005 (6310b) [237 saved]
[268/661] ✓ 4950344154012 (9293b) [238 saved]
[269/661] ✓ 4950344063673 (11715b) [239 saved]
[270/661] ✓ 4950344062904 (7147b) [240 saved]
[271/661] ✓ 4950344154050 (22469b) [241 saved]
[272/661] ✓ 4950344154074 (22308b) [242 saved]
[273/661] ✗ 4950344154081 no image
[274/661] ✓ 4950344154111 (42076b) [243 saved]
[275/661] ✗ 4950344154128 no image
--- Progress: 275/661, saved=243, failed=32 ---
[276/661] ✓ 4950344154142 (26700b) [244 saved]
[277/661] ✓ 4950344154159 (13304b) [245 saved]
[278/661] ✓ 4950344154166 (15546b) [246 saved]
[279/661] ✓ 4950344154173 (14627b) [247 saved]
[280/661] ✓ 4950344062911 (19755b) [248 saved]
[281/661] ✓ 4950344154227 (26943b) [249 saved]
[282/661] ✗ 4950344062928 no image
[283/661] ✓ 4950344154272 (47990b) [250 saved]
[284/661] ✓ 4950344154302 (13258b) [251 saved]
[285/661] ✓ 4950344154319 (20713b) [252 saved]
[286/661] ✓ 4950344154326 (5703b) [253 saved]
[287/661] ✗ 4950344063680 no image
[288/661] ✓ 4950344154340 (9808b) [254 saved]
[289/661] ✓ 4950344154357 (39476b) [255 saved]
[290/661] ✓ 4950344154364 (34734b) [256 saved]
[291/661] ✓ 4950344062935 (14193b) [257 saved]
[292/661] ✓ 4950344154388 (15301b) [258 saved]
[293/661] ✗ 4950344154401 no image
[294/661] ✓ 4950344154418 (31386b) [259 saved]
[295/661] ✗ 4950344062942 no image
[296/661] ✓ 4950344154500 (12589b) [260 saved]
[297/661] ✗ 4950344154517 no image
[298/661] ✓ 4950344154524 (23206b) [261 saved]
[299/661] ✓ 4950344154531 (8810b) [262 saved]
[300/661] ✓ 4950344154548 (22942b) [263 saved]
[301/661] ✓ 4950344063697 (10673b) [264 saved]
[302/661] ✓ 4950344154562 (35177b) [265 saved]
[303/661] ✓ 4950344154579 (23265b) [266 saved]
[304/661] ✓ 4950344154586 (20130b) [267 saved]
[305/661] ✗ 4950344154593 no image
[306/661] ✓ 4950344154623 (20963b) [268 saved]
[307/661] ✓ 4950344154630 (21681b) [269 saved]
[308/661] ✗ 4950344062959 no image
[309/661] ✓ 4950344154661 (9985b) [270 saved]
[310/661] ✓ 4950344154678 (11115b) [271 saved]
[311/661] ✓ 4950344154722 (6491b) [272 saved]
[312/661] ✓ 4950344154739 (24715b) [273 saved]
[313/661] ✓ 4950344154746 (17045b) [274 saved]
[314/661] ✓ 4950344062812 (10575b) [275 saved]
[315/661] ✓ 4950344063703 (11868b) [276 saved]
[316/661] ✓ 4950344063505 (28037b) [277 saved]
[317/661] ✓ 4950344063727 (12290b) [278 saved]
[318/661] ✓ 4950344063734 (24017b) [279 saved]
[319/661] ✓ 4950344063741 (25660b) [280 saved]
[320/661] ✓ 4950344063758 (10177b) [281 saved]
[321/661] ✓ 4950344063765 (10290b) [282 saved]
[322/661] ✗ 4950344154906 no image
[323/661] ✗ 4950344154920 no image
[324/661] ✗ 4950344154951 no image
[325/661] ✗ 4950344154975 no image
--- Progress: 325/661, saved=282, failed=43 ---
[326/661] ✓ 4950344154982 (8759b) [283 saved]
[327/661] ✓ 4950344154999 (9639b) [284 saved]
[328/661] ✓ 4950344155019 (11812b) [285 saved]
[329/661] ✗ 4950344155026 no image
[330/661] ✗ 4950344155033 no image
[331/661] ✓ 4950344155057 (27220b) [286 saved]
[332/661] ✗ 4950344155064 no image
[333/661] ✓ 4950344155088 (8258b) [287 saved]
[334/661] ✓ 4950344155101 (34339b) [288 saved]
[335/661] ✓ 4950344155125 (24806b) [289 saved]
[336/661] ✓ 4950344155149 (39527b) [290 saved]
[337/661] ✗ 4950344155163 no image
[338/661] ✓ 4950344155187 (12889b) [291 saved]
[339/661] ✓ 4950344155194 (41315b) [292 saved]
[340/661] ✓ 4950344155200 (29234b) [293 saved]
[341/661] ✓ 4950344155217 (17558b) [294 saved]
[342/661] ✗ 4950344155224 no image
[343/661] ✓ 4950344155231 (14297b) [295 saved]
[344/661] ✓ 4950344155248 (22816b) [296 saved]
[345/661] ✓ 4950344155255 (27875b) [297 saved]
[346/661] ✓ 4950344155262 (35853b) [298 saved]
[347/661] ✓ 4950344155279 (26114b) [299 saved]
[348/661] ✓ 4950344155293 (20113b) [300 saved]
[349/661] ✓ 4950344155309 (21865b) [301 saved]
[350/661] ✓ 4950344155316 (12275b) [302 saved]
[351/661] ✓ 4950344155439 (26133b) [303 saved]
[352/661] ✗ 4548565462681 no image
[353/661] ✗ 4548565462698 no image
[354/661] ✗ 4548565465484 no image
[355/661] ✗ 4548565483570 no image
[356/661] ✓ 4548565483006 (21359b) [304 saved]
[357/661] ✓ 0633690421536 (66298b) [305 saved]
[358/661] ✗ 0633690421666 no image
[359/661] ✓ 4548565495559 (22817b) [306 saved]
[360/661] ✗ 4548565503117 no image
[361/661] ✓ 4548565502592 (20533b) [307 saved]
[362/661] ✓ 4548565516278 (25889b) [308 saved]
[363/661] ✗ 4548565493883 no image
[364/661] ✓ 4548565503346 (10164b) [309 saved]
[365/661] ✗ 4548565508709 no image
[366/661] ✓ 4548565503360 (7780b) [310 saved]
[367/661] ✓ 4548565503216 (20347b) [311 saved]
[368/661] ✗ 4548565505999 no image
[369/661] ✓ 4548565505739 (23904b) [312 saved]
[370/661] ✓ 4548565509171 (23178b) [313 saved]
[371/661] ✓ 4548565512898 (18956b) [314 saved]
[372/661] ✓ 4548565501816 (19657b) [315 saved]
[373/661] ✓ 4905083111994 (50279b) [316 saved]
[374/661] ✓ 4905083112007 (28179b) [317 saved]
[375/661] ✓ 4905083112014 (28656b) [318 saved]
[376/661] ✓ 4905083112243 (28446b) [319 saved]
[377/661] ✓ 4905083112267 (30084b) [320 saved]
[378/661] ✓ 4905083111260 (24123b) [321 saved]
[379/661] ✗ 4905083111673 no image
[380/661] ✓ 4905083111871 (30562b) [322 saved]
[381/661] ✗ 4907981685089 no image
[382/661] ✓ 4907981694968 (36402b) [323 saved]
[383/661] ✓ 4907981694975 (33783b) [324 saved]
[384/661] ✗ 4907981687465 no image
[385/661] ✗ 4907981691653 no image
[386/661] ✗ 4907981691530 no image
[387/661] ✗ 4907981689469 no image
[388/661] ✗ 4907981692193 no image
[389/661] ✗ 4907981692209 no image
[390/661] ✓ 4907981694692 (26404b) [325 saved]
[391/661] ✗ 4523231447407 no image
[392/661] ✗ 4523231449968 no image
[393/661] ✗ 4523231450193 no image
[394/661] ✗ 4523231451657 no image
[395/661] ✗ 4523231090269 no image
[396/661] ✗ 4526175458119 no image
[397/661] ✗ 4526175458126 no image
[398/661] ✗ 4526175458133 no image
[399/661] ✗ 4526175458171 no image
[400/661] ✗ 4526175454685 no image
--- Progress: 400/661, saved=325, failed=75 ---
[401/661] ✗ 4526175456139 no image
[402/661] ✗ 4526175456146 no image
[403/661] ✓ 0674110125610 (33183b) [326 saved]
[404/661] ✓ 0674110125665 (10864b) [327 saved]
[405/661] ✓ 0674110206364 (21914b) [328 saved]
[406/661] ✓ 0674110206869 (27511b) [329 saved]
[407/661] ✓ 0674110732191 (20740b) [330 saved]
[408/661] ✓ 0674110732214 (29920b) [331 saved]
[409/661] ✓ 0674110753967 (22193b) [332 saved]
[410/661] ✓ 0674110774535 (22703b) [333 saved]
[411/661] ✓ 0674110774627 (11918b) [334 saved]
[412/661] ✓ 0674110775051 (22942b) [335 saved]
[413/661] ✓ 0674110787870 (9477b) [336 saved]
[414/661] ✓ 0674110791297 (25977b) [337 saved]
[415/661] ✓ 0674110792119 (21809b) [338 saved]
[416/661] ✓ 0674110795462 (17946b) [339 saved]
[417/661] ✓ 0674110900491 (16554b) [340 saved]
[418/661] ✗ 0674110900019 no image
[419/661] ✓ 4548565492459 (19003b) [341 saved]
[420/661] ✗ 4548565492466 no image
[421/661] ✓ 4548565510054 (22260b) [342 saved]
[422/661] ✓ 0657440510035 (11133b) [343 saved]
[423/661] ✓ 3663506040399 (23954b) [344 saved]
[424/661] ✓ 3663506040856 (11540b) [345 saved]
[425/661] ✗ 3663506046988 no image
--- Progress: 425/661, saved=345, failed=80 ---
[426/661] ✗ 3663506041587 no image
[427/661] ✗ 3663506041594 no image
[428/661] ✗ 3663506041952 no image
[429/661] ✓ 3663506042621 (10494b) [346 saved]
[430/661] ✓ 3663506042645 (11218b) [347 saved]
[431/661] ✓ 3663506046926 (10851b) [348 saved]
[432/661] ✓ 4548565485154 (12001b) [349 saved]
[433/661] ✗ 4548565463817 no image
[434/661] ✓ 3663506044854 (9369b) [350 saved]
[435/661] ✓ 3663506044625 (8979b) [351 saved]
[436/661] ✓ 3663506044861 (9730b) [352 saved]
[437/661] ✓ 3663506028427 (9056b) [353 saved]
[438/661] ✓ 4950344211661 (24998b) [354 saved]
[439/661] ✓ 4950344211678 (24114b) [355 saved]
[440/661] ✗ 4543736281863 no image
[441/661] ✗ 4543736306245 no image
[442/661] ✗ 4543736312918 no image
[443/661] ✗ 4543736318361 no image
[444/661] ✗ 4543736320104 no image
[445/661] ✗ 4543736320197 no image
[446/661] ✗ 4543736320234 no image
[447/661] ✗ 4543736321583 no image
[448/661] ✗ 4543736325000 no image
[449/661] ✗ 4543736325055 no image
[450/661] ✗ 4543736325239 no image
--- Progress: 450/661, saved=355, failed=95 ---
[451/661] ✗ 4543736325246 no image
[452/661] ✗ 4543736327202 no image
[453/661] ✗ 4543736327783 no image
[454/661] ✗ 4543736327820 no image
[455/661] ✗ 4543736327875 no image
[456/661] ✗ 4543736327936 no image
[457/661] ✗ 4543736328292 no image
[458/661] ✗ 4543736328957 no image
[459/661] ✗ 4543736329077 no image
[460/661] ✗ 4543736329091 no image
[461/661] ✗ 4543736329121 no image
[462/661] ✗ 4543736329466 no image
[463/661] ✗ 4543736329503 no image
[464/661] ✗ 4543736329510 no image
[465/661] ✗ 4543736329671 no image
[466/661] ✗ 4543736329831 no image
[467/661] ✗ 4543736329855 no image
[468/661] ✗ 4543736329862 no image
[469/661] ✗ 4543736330554 no image
[470/661] ✗ 4543736330561 no image
[471/661] ✗ 4543736330578 no image
[472/661] ✗ 4543736330820 no image
[473/661] ✗ 4543736330882 no image
[474/661] ✗ 4543736331056 no image
[475/661] ✗ 4543736331070 no image
--- Progress: 475/661, saved=355, failed=120 ---
[476/661] ✗ 4543736331100 no image
[477/661] ✗ 4543736331117 no image
[478/661] ✗ 4543736331605 no image
[479/661] ✗ 4543736331612 no image
[480/661] ✗ 4543736331889 no image
[481/661] ✗ 4543736332749 no image
[482/661] ✗ 4543736332763 no image
[483/661] ✗ 4543736332831 no image
[484/661] ✗ 4543736332848 no image
[485/661] ✗ 4543736332855 no image
[486/661] ✗ 4543736332862 no image
[487/661] ✗ 4543736332879 no image
[488/661] ✗ 4543736333111 no image
[489/661] ✗ 4543736333289 no image
[490/661] ✗ 4543736333302 no image
[491/661] ✗ 4543736333319 no image
[492/661] ✗ 4543736333715 no image
[493/661] ✗ 4543736333739 no image
[494/661] ✗ 4543736333845 no image
[495/661] ✗ 4543736333876 no image
[496/661] ✗ 4543736333883 no image
[497/661] ✗ 4543736333906 no image
[498/661] ✗ 4543736333968 no image
[499/661] ✗ 4543736334316 no image
[500/661] ✗ 4543736334392 no image
--- Progress: 500/661, saved=355, failed=145 ---
[501/661] ✗ 4543736334453 no image
[502/661] ✗ 4543736334583 no image
[503/661] ✗ 4543736334842 no image
[504/661] ✗ 4543736334859 no image
[505/661] ✗ 4543736335269 no image
[506/661] ✗ 4543736335283 no image
[507/661] ✗ 4543736335290 no image
[508/661] ✗ 4543736335979 no image
[509/661] ✗ 4543736335993 no image
[510/661] ✗ 4543736336013 no image
[511/661] ✗ 4543736336020 no image
[512/661] ✗ 4543736336044 no image
[513/661] ✗ 4543736336068 no image
[514/661] ✗ 4543736336099 no image
[515/661] ✗ 4543736336129 no image
[516/661] ✗ 4543736336174 no image
[517/661] ✗ 4543736336181 no image
[518/661] ✗ 4543736336198 no image
[519/661] ✗ 4543736336471 no image
[520/661] ✗ 4543736336488 no image
[521/661] ✗ 4543736336495 no image
[522/661] ✗ 4543736336525 no image
[523/661] ✗ 4543736336532 no image
[524/661] ✗ 4543736336556 no image
[525/661] ✗ 4543736336570 no image
--- Progress: 525/661, saved=355, failed=170 ---
[526/661] ✗ 4543736336587 no image
[527/661] ✗ 4543736336723 no image
[528/661] ✗ 4543736336730 no image
[529/661] ✗ 4543736336747 no image
[530/661] ✗ 4543736337164 no image
[531/661] ✗ 4543736337591 no image
[532/661] ✗ 4543736337843 no image
[533/661] ✗ 4543736337850 no image
[534/661] ✗ 4543736335702 no image
[535/661] ✗ 4543736335726 no image
[536/661] ✗ 4543736306177 no image
[537/661] ✓ 3551091820260 (17161b) [356 saved]
[538/661] ✓ 0092999554459 (32595b) [357 saved]
[539/661] ✓ 0092999653688 (31950b) [358 saved]
[540/661] ✓ 4548565466474 (33484b) [359 saved]
[541/661] ✓ 4548565501076 (26202b) [360 saved]
[542/661] ✓ 4548565501083 (19794b) [361 saved]
[543/661] ✓ 4548565515639 (29040b) [362 saved]
[544/661] ✓ 4548565515622 (29351b) [363 saved]
[545/661] ✓ 4548565515653 (19794b) [364 saved]
[546/661] ✗ 4548565516445 no image
[547/661] ✗ 4548565515714 no image
[548/661] ✗ 4548565515738 no image
[549/661] ✓ 4548565515721 (19794b) [365 saved]
[550/661] ✓ 4548565515790 (27626b) [366 saved]
[551/661] ✓ 4548565515745 (26069b) [367 saved]
[552/661] ✓ 4548565515752 (25295b) [368 saved]
[553/661] ✓ 4548565515769 (19794b) [369 saved]
[554/661] ✓ 4548565515776 (19794b) [370 saved]
[555/661] ✓ 4548565515660 (26905b) [371 saved]
[556/661] ✓ 4548565515684 (19794b) [372 saved]
[557/661] ✓ 4548565510870 (47302b) [373 saved]
[558/661] ✗ 4548565501281 no image
[559/661] ✓ 4548565452002 (9912b) [374 saved]
[560/661] ✓ 4548565490073 (21101b) [375 saved]
[561/661] ✓ 4012138788817 (22349b) [376 saved]
[562/661] ✗ 4012138785977 no image
[563/661] ✓ 4012138777781 (13409b) [377 saved]
[564/661] ✗ 4012138788251 no image
[565/661] ✓ 4012138788787 (22349b) [378 saved]
[566/661] ✗ 4548565498123 no image
[567/661] ✓ 4012138791343 (26204b) [379 saved]
[568/661] ✗ 4012138784000 no image
[569/661] ✓ 4012138783362 (14374b) [380 saved]
[570/661] ✗ 4012138783379 no image
[571/661] ✗ 4012138784055 no image
[572/661] ✗ 4012138785380 no image
[573/661] ✓ 4012138788190 (26157b) [381 saved]
[574/661] ✓ 4012138788206 (25934b) [382 saved]
[575/661] ✗ 4012138761155 no image
--- Progress: 575/661, saved=382, failed=193 ---
[576/661] ✓ 4523231034317 (14637b) [383 saved]
[577/661] ✗ 4955439018989 no image
[578/661] ✗ 4548565300808 no image
[579/661] ✗ 4548565391004 no image
[580/661] ✓ 4548565420230 (22896b) [384 saved]
[581/661] ✗ 4012138166691 no image
[582/661] ✗ 4012138758155 no image
[583/661] ✗ 4012138759732 no image
[584/661] ✗ 4012138760936 no image
[585/661] ✗ 4012138167193 no image
[586/661] ✗ 4548565373949 no image
[587/661] ✓ 4548565486540 (20689b) [385 saved]
[588/661] ✓ 4548565510214 (27721b) [386 saved]
[589/661] ✓ 4548565510221 (27162b) [387 saved]
[590/661] ✓ 4548565477203 (42061b) [388 saved]
[591/661] ✓ 4548565477210 (41407b) [389 saved]
[592/661] ✓ 4548565477227 (44083b) [390 saved]
[593/661] ✗ 4548565500857 no image
[594/661] ✓ 4548565485802 (9155b) [391 saved]
[595/661] ✓ 4548565480111 (15584b) [392 saved]
[596/661] ✓ 4548565480104 (9698b) [393 saved]
[597/661] ✓ 4548565480081 (15826b) [394 saved]
[598/661] ✓ 4548565480074 (15491b) [395 saved]
[599/661] ✓ 4548565480098 (30761b) [396 saved]
[600/661] ✓ 4548565493937 (26166b) [397 saved]
[601/661] ✓ 4548565504466 (25178b) [398 saved]
[602/661] ✓ 4548565491391 (24618b) [399 saved]
[603/661] ✓ 4548565495474 (25270b) [400 saved]
[604/661] ✓ 4548565488087 (24984b) [401 saved]
[605/661] ✓ 4548565500048 (23451b) [402 saved]
[606/661] ✓ 4548565515547 (26764b) [403 saved]
[607/661] ✓ 4548565515554 (25659b) [404 saved]
[608/661] ✓ 4548565517206 (25659b) [405 saved]
[609/661] ✓ 4548565504442 (24045b) [406 saved]
[610/661] ✓ 4548565504428 (25393b) [407 saved]
[611/661] ✓ 4548565504459 (24260b) [408 saved]
[612/661] ✓ 4548565504435 (22255b) [409 saved]
[613/661] ✓ 4548565513673 (25341b) [410 saved]
[614/661] ✓ 4548565513680 (23206b) [411 saved]
[615/661] ✓ 4548565513635 (9854b) [412 saved]
[616/661] ✓ 4548565513628 (24441b) [413 saved]
[617/661] ✓ 4548565503384 (43332b) [414 saved]
[618/661] ✓ 4548565503391 (41482b) [415 saved]
[619/661] ✓ 4548565409198 (23649b) [416 saved]
[620/661] ✓ 4548565420766 (26412b) [417 saved]
[621/661] ✓ 4548565504299 (10423b) [418 saved]
[622/661] ✓ 4548565503490 (24187b) [419 saved]
[623/661] ✓ 4548565492367 (27221b) [420 saved]
[624/661] ✓ 4548565503858 (25037b) [421 saved]
[625/661] ✓ 4548565484256 (23508b) [422 saved]
[626/661] ✓ 4548565407453 (10106b) [423 saved]
[627/661] ✗ 4548565443321 no image
[628/661] ✓ 4548565492855 (24879b) [424 saved]
[629/661] ✓ 4548565492862 (27767b) [425 saved]
[630/661] ✓ 4548565451661 (30906b) [426 saved]
[631/661] ✓ 4548565447435 (27356b) [427 saved]
[632/661] ✓ 4548565504312 (36697b) [428 saved]
[633/661] ✓ 4548565482313 (23966b) [429 saved]
[634/661] ✓ 4548565420209 (25771b) [430 saved]
[635/661] ✓ 4548565420247 (30258b) [431 saved]
[636/661] ✓ 4548565438327 (14109b) [432 saved]
[637/661] ✓ 4548565438358 (30344b) [433 saved]
[638/661] ✓ 4548565438389 (25574b) [434 saved]
[639/661] ✓ 4548565441396 (26645b) [435 saved]
[640/661] ✓ 4548565441419 (21254b) [436 saved]
[641/661] ✓ 4548565441426 (14909b) [437 saved]
[642/661] ✓ 4548565447367 (28100b) [438 saved]
[643/661] ✓ 4548565447398 (34818b) [439 saved]
[644/661] ✓ 4548565461370 (24990b) [440 saved]
[645/661] ✗ 4548565476763 no image
[646/661] ✓ 4907981689049 (29661b) [441 saved]
[647/661] ✗ 0929990653150 no image
[648/661] ✗ 4905083111314 no image
[649/661] ✓ 4949727686752 (44966b) [442 saved]
[650/661] ✓ 4949727686769 (6454b) [443 saved]
[651/661] ✓ 4949727686776 (43595b) [444 saved]
[652/661] ✗ 4986470036373 no image
[653/661] ✗ 4986470015323 no image
[654/661] ✓ 4986470014715 (9976b) [445 saved]
[655/661] ✗ 0089195562258 no image
[656/661] ✗ 0089195563408 no image
[657/661] ✗ 4920136736153 no image
[658/661] ✗ 4920136736160 no image
[659/661] ✗ 4920136736184 no image
[660/661] ✗ 9580208362281 no image
[661/661] ✗ 9580208370026 no image

Done! 445 saved, 216 failed / 661 total
